<?xml version="1.0" encoding="UTF-8" ?>
<testsuite failures="0" time="0.002" errors="0" skipped="0" tests="0" name="ZGRPanelViewerTest">
  <properties>
    <property name="java.runtime.name" value="Java(TM) SE Runtime Environment"/>
    <property name="sun.boot.library.path" value="/Library/Java/JavaVirtualMachines/jdk1.7.0_17.jdk/Contents/Home/jre/lib"/>
    <property name="java.vm.version" value="23.7-b01"/>
    <property name="user.country.format" value="FR"/>
    <property name="gopherProxySet" value="false"/>
    <property name="java.vm.vendor" value="Oracle Corporation"/>
    <property name="java.vendor.url" value="http://java.oracle.com/"/>
    <property name="path.separator" value=":"/>
    <property name="java.vm.name" value="Java HotSpot(TM) 64-Bit Server VM"/>
    <property name="file.encoding.pkg" value="sun.io"/>
    <property name="user.country" value="US"/>
    <property name="sun.java.launcher" value="SUN_STANDARD"/>
    <property name="sun.os.patch.level" value="unknown"/>
    <property name="java.vm.specification.name" value="Java Virtual Machine Specification"/>
    <property name="user.dir" value="/Users/epietrig/projects/zvtm/zgrviewer/tags/0.9.0"/>
    <property name="java.runtime.version" value="1.7.0_17-b02"/>
    <property name="java.awt.graphicsenv" value="sun.awt.CGraphicsEnvironment"/>
    <property name="basedir" value="/Users/epietrig/projects/zvtm/zgrviewer/tags/0.9.0"/>
    <property name="java.endorsed.dirs" value="/Library/Java/JavaVirtualMachines/jdk1.7.0_17.jdk/Contents/Home/jre/lib/endorsed"/>
    <property name="os.arch" value="x86_64"/>
    <property name="surefire.real.class.path" value="/Users/epietrig/projects/zvtm/zgrviewer/tags/0.9.0/target/surefire/surefirebooter1596095641336087591.jar"/>
    <property name="java.io.tmpdir" value="/var/folders/y3/6mbrx40x28s_3pnpwkms7vlr0000gn/T/"/>
    <property name="line.separator" value="
"/>
    <property name="java.vm.specification.vendor" value="Oracle Corporation"/>
    <property name="os.name" value="Mac OS X"/>
    <property name="sun.jnu.encoding" value="ISO8859-1"/>
    <property name="java.library.path" value="/Users/epietrig/Library/Java/Extensions:/Library/Java/Extensions:/Network/Library/Java/Extensions:/System/Library/Java/Extensions:/usr/lib/java:."/>
    <property name="surefire.test.class.path" value="/Users/epietrig/projects/zvtm/zgrviewer/tags/0.9.0/target/test-classes:/Users/epietrig/projects/zvtm/zgrviewer/tags/0.9.0/target/classes:/Users/epietrig/.m2/repository/fr/inria/zvtm/zvtm-core/0.11.1/zvtm-core-0.11.1.jar:/Users/epietrig/.m2/repository/net/java/dev/timingframework/timingframework/1.0/timingframework-1.0.jar:/Users/epietrig/.m2/repository/net/jcip/jcip-annotations/1.0/jcip-annotations-1.0.jar:/Users/epietrig/.m2/repository/fr/inria/zvtm/zvtm-svg/0.2.1/zvtm-svg-0.2.1.jar:/Users/epietrig/.m2/repository/xerces/xmlParserAPIs/2.6.2/xmlParserAPIs-2.6.2.jar:/Users/epietrig/.m2/repository/xml-apis/xml-apis/1.3.03/xml-apis-1.3.03.jar:/Users/epietrig/.m2/repository/xerces/xercesImpl/2.8.1/xercesImpl-2.8.1.jar:/Users/epietrig/.m2/repository/antlr/antlr/2.7.7/antlr-2.7.7.jar:"/>
    <property name="java.specification.name" value="Java Platform API Specification"/>
    <property name="java.class.version" value="51.0"/>
    <property name="sun.management.compiler" value="HotSpot 64-Bit Tiered Compilers"/>
    <property name="os.version" value="10.8.4"/>
    <property name="user.home" value="/Users/epietrig"/>
    <property name="user.timezone" value=""/>
    <property name="java.awt.printerjob" value="sun.lwawt.macosx.CPrinterJob"/>
    <property name="java.specification.version" value="1.7"/>
    <property name="file.encoding" value="ISO8859-1"/>
    <property name="user.name" value="epietrig"/>
    <property name="java.class.path" value="/Users/epietrig/projects/zvtm/zgrviewer/tags/0.9.0/target/test-classes:/Users/epietrig/projects/zvtm/zgrviewer/tags/0.9.0/target/classes:/Users/epietrig/.m2/repository/fr/inria/zvtm/zvtm-core/0.11.1/zvtm-core-0.11.1.jar:/Users/epietrig/.m2/repository/net/java/dev/timingframework/timingframework/1.0/timingframework-1.0.jar:/Users/epietrig/.m2/repository/net/jcip/jcip-annotations/1.0/jcip-annotations-1.0.jar:/Users/epietrig/.m2/repository/fr/inria/zvtm/zvtm-svg/0.2.1/zvtm-svg-0.2.1.jar:/Users/epietrig/.m2/repository/xerces/xmlParserAPIs/2.6.2/xmlParserAPIs-2.6.2.jar:/Users/epietrig/.m2/repository/xml-apis/xml-apis/1.3.03/xml-apis-1.3.03.jar:/Users/epietrig/.m2/repository/xerces/xercesImpl/2.8.1/xercesImpl-2.8.1.jar:/Users/epietrig/.m2/repository/antlr/antlr/2.7.7/antlr-2.7.7.jar:"/>
    <property name="java.vm.specification.version" value="1.7"/>
    <property name="sun.arch.data.model" value="64"/>
    <property name="java.home" value="/Library/Java/JavaVirtualMachines/jdk1.7.0_17.jdk/Contents/Home/jre"/>
    <property name="sun.java.command" value="/Users/epietrig/projects/zvtm/zgrviewer/tags/0.9.0/target/surefire/surefirebooter1596095641336087591.jar /Users/epietrig/projects/zvtm/zgrviewer/tags/0.9.0/target/surefire/surefire2224503464090546161tmp /Users/epietrig/projects/zvtm/zgrviewer/tags/0.9.0/target/surefire/surefire5721201294872020468tmp"/>
    <property name="java.specification.vendor" value="Oracle Corporation"/>
    <property name="user.language" value="en"/>
    <property name="user.language.format" value="fr"/>
    <property name="awt.toolkit" value="sun.lwawt.macosx.LWCToolkit"/>
    <property name="java.vm.info" value="mixed mode"/>
    <property name="java.version" value="1.7.0_17"/>
    <property name="java.ext.dirs" value="/Users/epietrig/Library/Java/Extensions:/Library/Java/JavaVirtualMachines/jdk1.7.0_17.jdk/Contents/Home/jre/lib/ext:/Library/Java/Extensions:/Network/Library/Java/Extensions:/System/Library/Java/Extensions:/usr/lib/java"/>
    <property name="sun.boot.class.path" value="/Library/Java/JavaVirtualMachines/jdk1.7.0_17.jdk/Contents/Home/jre/lib/resources.jar:/Library/Java/JavaVirtualMachines/jdk1.7.0_17.jdk/Contents/Home/jre/lib/rt.jar:/Library/Java/JavaVirtualMachines/jdk1.7.0_17.jdk/Contents/Home/jre/lib/sunrsasign.jar:/Library/Java/JavaVirtualMachines/jdk1.7.0_17.jdk/Contents/Home/jre/lib/jsse.jar:/Library/Java/JavaVirtualMachines/jdk1.7.0_17.jdk/Contents/Home/jre/lib/jce.jar:/Library/Java/JavaVirtualMachines/jdk1.7.0_17.jdk/Contents/Home/jre/lib/charsets.jar:/Library/Java/JavaVirtualMachines/jdk1.7.0_17.jdk/Contents/Home/jre/lib/jfr.jar:/Library/Java/JavaVirtualMachines/jdk1.7.0_17.jdk/Contents/Home/jre/lib/JObjC.jar:/Library/Java/JavaVirtualMachines/jdk1.7.0_17.jdk/Contents/Home/jre/classes"/>
    <property name="java.vendor" value="Oracle Corporation"/>
    <property name="localRepository" value="/Users/epietrig/.m2/repository"/>
    <property name="file.separator" value="/"/>
    <property name="java.vendor.url.bug" value="http://bugreport.sun.com/bugreport/"/>
    <property name="sun.cpu.endian" value="little"/>
    <property name="sun.io.unicode.encoding" value="UnicodeBig"/>
    <property name="sun.cpu.isalist" value=""/>
  </properties>
</testsuite>